SF:/Users/yakov/Documents/Programming/Flutter/pet/pure/lib/src/composition/dot.dart
DA:7,12
LF:1
LH:1
end_of_record
SF:/Users/yakov/Documents/Programming/Flutter/pet/pure/lib/src/composition/pipe.dart
DA:10,6
LF:1
LH:1
end_of_record
SF:/Users/yakov/Documents/Programming/Flutter/pet/pure/lib/src/constant/extensions.dart
DA:8,2
LF:1
LH:1
end_of_record
SF:/Users/yakov/Documents/Programming/Flutter/pet/pure/lib/src/curry/extensions.dart
DA:17,14
DA:23,8
DA:29,5
DA:35,1
DA:36,5
DA:42,1
DA:43,6
DA:49,1
DA:50,7
DA:56,2
DA:57,7
DA:64,3
DA:65,7
LF:13
LH:13
end_of_record
SF:/Users/yakov/Documents/Programming/Flutter/pet/pure/lib/src/flip/extensions.dart
DA:9,4
DA:15,2
DA:21,2
DA:27,2
DA:33,2
DA:39,2
DA:45,1
DA:46,1
DA:53,1
DA:54,1
LF:10
LH:10
end_of_record
SF:/Users/yakov/Documents/Programming/Flutter/pet/pure/lib/src/functions/bool.dart
DA:6,1
DA:9,1
DA:12,1
DA:15,1
DA:18,1
DA:21,2
DA:24,1
DA:27,2
DA:30,1
DA:33,1
DA:37,2
DA:40,1
DA:43,1
LF:13
LH:13
end_of_record
SF:/Users/yakov/Documents/Programming/Flutter/pet/pure/lib/src/functions/equality.dart
DA:4,1
DA:7,4
DA:10,1
DA:14,1
DA:15,2
DA:17,3
DA:21,2
DA:24,4
DA:27,4
DA:30,1
DA:33,1
LF:11
LH:11
end_of_record
SF:/Users/yakov/Documents/Programming/Flutter/pet/pure/lib/src/functions/function.dart
DA:6,2
DA:7,2
DA:10,2
DA:13,2
DA:14,2
DA:17,4
DA:20,1
DA:23,1
DA:26,1
DA:29,1
DA:32,1
DA:35,1
DA:38,1
DA:41,1
DA:44,0
LF:15
LH:14
end_of_record
SF:/Users/yakov/Documents/Programming/Flutter/pet/pure/lib/src/functions/num.dart
DA:1,6
DA:4,2
DA:7,2
DA:10,2
DA:13,4
DA:16,2
LF:6
LH:6
end_of_record
SF:/Users/yakov/Documents/Programming/Flutter/pet/pure/lib/src/functions/string.dart
DA:2,2
DA:5,4
DA:8,2
DA:11,4
DA:14,2
DA:17,2
DA:20,2
DA:23,2
LF:8
LH:8
end_of_record
SF:/Users/yakov/Documents/Programming/Flutter/pet/pure/lib/src/memoization/extensions.dart
DA:7,1
DA:20,1
DA:21,1
DA:23,3
DA:30,2
DA:31,2
DA:33,6
DA:40,2
DA:41,2
DA:43,6
DA:50,2
DA:51,2
DA:53,6
DA:60,1
DA:61,1
DA:63,3
DA:70,1
DA:71,1
DA:73,3
DA:80,1
DA:81,1
DA:83,3
DA:90,1
DA:91,1
DA:93,3
DA:101,1
DA:102,1
DA:104,3
DA:112,1
DA:113,1
DA:115,3
DA:134,1
DA:135,1
DA:137,1
DA:138,1
DA:140,1
DA:142,2
DA:143,1
DA:144,1
LF:39
LH:39
end_of_record
SF:/Users/yakov/Documents/Programming/Flutter/pet/pure/lib/src/nullable/extensions.dart
DA:10,8
DA:16,2
DA:22,1
DA:23,1
DA:29,1
DA:31,1
DA:38,1
DA:40,1
DA:47,1
DA:49,1
DA:56,1
DA:63,1
DA:71,1
DA:79,1
DA:87,1
DA:97,1
LF:16
LH:16
end_of_record
SF:/Users/yakov/Documents/Programming/Flutter/pet/pure/lib/src/partial_application/extensions.dart
DA:12,6
DA:18,3
DA:24,3
DA:30,3
DA:36,3
DA:42,1
DA:43,2
DA:49,1
DA:50,2
DA:57,1
DA:58,2
LF:11
LH:11
end_of_record
SF:/Users/yakov/Documents/Programming/Flutter/pet/pure/lib/src/recursion_trampoline/extensions.dart
DA:7,3
DA:13,3
DA:19,3
DA:25,3
DA:31,0
DA:37,0
DA:43,0
DA:49,0
DA:50,0
DA:57,0
DA:58,0
DA:65,0
DA:66,0
LF:13
LH:4
end_of_record
SF:/Users/yakov/Documents/Programming/Flutter/pet/pure/lib/src/recursion_trampoline/tram.dart
DA:13,2
DA:25,2
DA:30,4
DA:32,4
DA:33,2
DA:42,4
DA:48,4
LF:7
LH:7
end_of_record
SF:/Users/yakov/Documents/Programming/Flutter/pet/pure/lib/src/tagged_record/tagged_record.dart
DA:7,1
DA:9,3
DA:11,1
DA:14,1
DA:15,3
DA:16,3
DA:18,1
DA:19,2
DA:21,1
DA:22,3
LF:10
LH:10
end_of_record
SF:/Users/yakov/Documents/Programming/Flutter/pet/pure/lib/src/thunk/extension.dart
DA:11,3
DA:17,6
DA:23,3
DA:29,3
DA:35,3
DA:41,3
DA:47,1
DA:48,2
DA:54,1
DA:55,2
DA:62,1
DA:63,2
LF:12
LH:12
end_of_record
SF:/Users/yakov/Documents/Programming/Flutter/pet/pure/lib/src/uncurry/extensions.dart
DA:11,8
DA:17,3
DA:23,3
DA:29,3
DA:35,3
DA:41,3
DA:48,1
DA:49,2
DA:56,1
DA:57,2
LF:10
LH:10
end_of_record
SF:/Users/yakov/Documents/Programming/Flutter/pet/pure/lib/src/memoization/helpers.dart
DA:2,2
DA:3,2
DA:5,4
DA:6,2
DA:7,4
LF:5
LH:5
end_of_record
